<?xml version="1.0" encoding="UTF-8"?>
<!-- Generated by org.testng.reporters.JUnitXMLReporter -->
<testsuite ignored="0" hostname="Farhan_4U" failures="0" tests="7" name="Free CRM Application Test Cases" time="186.546" errors="0" timestamp="2023-11-17T15:46:18 IST">
  <testcase classname="com.crm.qa.testcases.LoginPageTest" name="loginPageTitleTest" time="0.345"/>
  <testcase classname="com.crm.qa.testcases.LoginPageTest" name="crmLogoImageTest" time="0.05"/>
  <testcase classname="com.crm.qa.testcases.LoginPageTest" name="loginTest" time="13.288"/>
  <testcase classname="com.crm.qa.testcases.HomePageTest" name="verifyHomePageTitle" time="0.006"/>
  <testcase classname="com.crm.qa.testcases.HomePageTest" name="verifyLoggedinUserNameTest" time="0.099"/>
  <testcase classname="com.crm.qa.testcases.HomePageTest" name="verifyContactsLinkTest" time="3.04"/>
  <testcase classname="com.crm.qa.testcases.ContactsPageTest" name="verifyContactsLabelTest" time="2.818"/>
</testsuite> <!-- Free CRM Application Test Cases -->
