<?xml version="1.0" encoding="UTF-8"?>
<testng-results ignored="0" total="1" passed="1" failed="0" skipped="0">
  <reporter-output>
  </reporter-output>
  <suite started-at="2023-11-17T19:40:01 IST" name="Default suite" finished-at="2023-11-17T19:40:34 IST" duration-ms="32601">
    <groups>
    </groups>
    <test started-at="2023-11-17T19:40:01 IST" name="Default test" finished-at="2023-11-17T19:40:34 IST" duration-ms="32601">
      <class name="com.crm.qa.testcases.ContactsPageTest">
        <test-method is-config="true" signature="setUp()[pri:0, instance:com.crm.qa.testcases.ContactsPageTest@2e3967ea]" started-at="2023-11-17T19:40:01 IST" name="setUp" finished-at="2023-11-17T19:40:30 IST" duration-ms="29495" status="PASS">
          <reporter-output>
          </reporter-output>
        </test-method> <!-- setUp -->
        <test-method signature="verifyContactsLabelTest()[pri:0, instance:com.crm.qa.testcases.ContactsPageTest@2e3967ea]" started-at="2023-11-17T19:40:30 IST" name="verifyContactsLabelTest" finished-at="2023-11-17T19:40:33 IST" duration-ms="2853" status="PASS">
          <reporter-output>
          </reporter-output>
        </test-method> <!-- verifyContactsLabelTest -->
        <test-method is-config="true" signature="tearDown()[pri:0, instance:com.crm.qa.testcases.ContactsPageTest@2e3967ea]" started-at="2023-11-17T19:40:33 IST" name="tearDown" finished-at="2023-11-17T19:40:34 IST" duration-ms="221" status="PASS">
          <reporter-output>
          </reporter-output>
        </test-method> <!-- tearDown -->
      </class> <!-- com.crm.qa.testcases.ContactsPageTest -->
    </test> <!-- Default test -->
  </suite> <!-- Default suite -->
</testng-results>
